[Sat Jan 11 21:21:51 2025] running mktexlsr
[Sat Jan 11 21:21:52 2025] success, output:
mktexlsr: Updating D:/pythonProject8/AI/TinyTeX-1/TinyTeX/texmf-local/ls-R...
mktexlsr: Updated D:/pythonProject8/AI/TinyTeX-1/TinyTeX/texmf-local/ls-R.
mktexlsr: Updating D:/pythonProject8/AI/TinyTeX-1/TinyTeX/texmf-config/ls-R...
mktexlsr: Updated D:/pythonProject8/AI/TinyTeX-1/TinyTeX/texmf-config/ls-R.
mktexlsr: Updating D:/pythonProject8/AI/TinyTeX-1/TinyTeX/texmf-var/ls-R...
mktexlsr: Updated D:/pythonProject8/AI/TinyTeX-1/TinyTeX/texmf-var/ls-R.
mktexlsr: Updating D:/pythonProject8/AI/TinyTeX-1/TinyTeX/texmf-dist/ls-R...
mktexlsr: Updated D:/pythonProject8/AI/TinyTeX-1/TinyTeX/texmf-dist/ls-R.
mktexlsr: Done.
--end of output of mktexlsr.

[Sat Jan 11 21:21:52 2025] running updmap-sys
[Sat Jan 11 21:21:54 2025] success, output:
updmap will read the following updmap.cfg files (in precedence order):
  d:/pythonproject8/ai/tinytex-1/tinytex/texmf-dist/web2c/updmap.cfg
updmap may write changes to the following updmap.cfg file:
  d:/pythonproject8/ai/tinytex-1/tinytex/texmf-config/web2c/updmap.cfg
dvips output dir: "d:/pythonproject8/ai/tinytex-1/tinytex/texmf-var/fonts/map/dvips/updmap"
pdftex output dir: "d:/pythonproject8/ai/tinytex-1/tinytex/texmf-var/fonts/map/pdftex/updmap"
dvipdfmx output dir: "d:/pythonproject8/ai/tinytex-1/tinytex/texmf-var/fonts/map/dvipdfmx/updmap"
updmap [WARNING]: generated map uptex-tc-arphic.map (from uptex-tc-@tcEmbed@.map) does not exist, not activating it!
updmap [WARNING]: generated map uptex-ko-baekmuk.map (from uptex-ko-@koEmbed@.map) does not exist, not activating it!
updmap [WARNING]: generated map uptex-sc-arphic.map (from uptex-sc-@scEmbed@.map) does not exist, not activating it!
updmap [WARNING]: generated map uptex-haranoaji-04.map (from uptex-@jaEmbed@@jaVariant@.map) does not exist, not activating it!
updmap [WARNING]: generated map ptex-haranoaji-04.map (from ptex-@jaEmbed@@jaVariant@.map) does not exist, not activating it!

updmap is creating new map files
using the following configuration:
  LW35 font names                  : URWkb (d:/pythonproject8/ai/tinytex-1/tinytex/texmf-dist/web2c/updmap.cfg)
  prefer outlines                  : true (d:/pythonproject8/ai/tinytex-1/tinytex/texmf-dist/web2c/updmap.cfg)
  texhash enabled                  : true
  download standard fonts (dvips)  : true (d:/pythonproject8/ai/tinytex-1/tinytex/texmf-dist/web2c/updmap.cfg)
  download standard fonts (pdftex) : true (d:/pythonproject8/ai/tinytex-1/tinytex/texmf-dist/web2c/updmap.cfg)
  jaEmbed replacement string       : haranoaji (d:/pythonproject8/ai/tinytex-1/tinytex/texmf-dist/web2c/updmap.cfg)
  jaVariant replacement string     : -04 (d:/pythonproject8/ai/tinytex-1/tinytex/texmf-dist/web2c/updmap.cfg)
  scEmbed replacement string       : arphic (d:/pythonproject8/ai/tinytex-1/tinytex/texmf-dist/web2c/updmap.cfg)
  tcEmbed replacement string       : arphic (d:/pythonproject8/ai/tinytex-1/tinytex/texmf-dist/web2c/updmap.cfg)
  koEmbed replacement string       : baekmuk (d:/pythonproject8/ai/tinytex-1/tinytex/texmf-dist/web2c/updmap.cfg)
  create a mapfile for pxdvi       : false (default)

Scanning for LW35 support files  [  3 files]
Scanning for MixedMap entries    [  7 files]
Scanning for KanjiMap entries    [  0 files]
Scanning for Map entries         [ 30 files]

Generating output for dvipdfmx...
Generating output for ps2pk...
Generating output for dvips...
Generating output for pdftex...

Files generated:
  d:/pythonproject8/ai/tinytex-1/tinytex/texmf-var/fonts/map/dvips/updmap:
       16083 2025-01-11 21:21:53 builtin35.map
       21557 2025-01-11 21:21:53 download35.map
      123832 2025-01-11 21:21:53 psfonts_pk.map
      130217 2025-01-11 21:21:53 psfonts_t1.map
      130212 2025-01-11 21:21:53 ps2pk.map
      130217 2025-01-11 21:21:53 psfonts.map = psfonts_t1.map
  d:/pythonproject8/ai/tinytex-1/tinytex/texmf-var/fonts/map/pdftex/updmap:
      130219 2025-01-11 21:21:53 pdftex_dl14.map
      128554 2025-01-11 21:21:53 pdftex_ndl14.map
      130219 2025-01-11 21:21:53 pdftex.map = pdftex_dl14.map
  d:/pythonproject8/ai/tinytex-1/tinytex/texmf-var/fonts/map/dvipdfmx/updmap:
         355 2025-01-11 21:21:53 kanjix.map

Transcript written on: d:/pythonproject8/ai/tinytex-1/tinytex/texmf-var/web2c/updmap.log
updmap: updating ls-R files.
--end of output of updmap-sys.

[Sat Jan 11 21:21:54 2025] running fmtutil-sys --byengine euptex --no-error-if-no-format --no-error-if-no-engine=luametatex,luajithbtex,luajittex,mfluajit --status-file=C:\Users\17506\AppData\Local\Temp\ZeOPW9xoLg\InGw21EZll
[Sat Jan 11 21:22:22 2025] success, output:
fmtutil: fmtutil is using the following fmtutil.cnf files (in precedence order):
fmtutil:   d:/pythonproject8/ai/tinytex-1/tinytex/texmf-dist/web2c/fmtutil.cnf
fmtutil: fmtutil is using the following fmtutil.cnf file for writing changes:
fmtutil:   d:/pythonproject8/ai/tinytex-1/tinytex/texmf-config/web2c/fmtutil.cnf
fmtutil [INFO]: writing formats under d:/pythonproject8/ai/tinytex-1/tinytex/texmf-var/web2c
fmtutil [INFO]: --- remaking euptex with euptex
fmtutil: running `euptex -ini   -jobname=euptex -progname=euptex *euptex.ini' ...
This is e-upTeX, Version 3.141592653-p4.1.1-u1.30-230214-2.6 (utf8.uptex) (TeX Live 2024) (INITEX)
 restricted \write18 enabled.
entering extended mode
(d:/pythonProject8/AI/TinyTeX-1/TinyTeX/texmf-dist/tex/uptex/uptex-base/euptex.ini (d:/pythonProject8/AI/TinyTeX-1/TinyTeX/texmf-dist/tex/uptex/uptex-base/euptex.src (d:/pythonProject8/AI/TinyTeX-1/TinyTeX/texmf-dist/tex/uptex/uptex-base/uptex.tex (d:/pythonProject8/AI/TinyTeX-1/TinyTeX/texmf-dist/tex/plain/base/plain.tex Preloading the plain format: codes, registers, parameters, fonts, more fonts, macros, math definitions, output routines, hyphenation (d:/pythonProject8/AI/TinyTeX-1/TinyTeX/texmf-dist/tex/generic/hyphen/hyphen.tex [skipping from \patterns to end-of-file...])) (d:/pythonProject8/AI/TinyTeX-1/TinyTeX/texmf-dist/tex/uptex/uptex-base/ukinsoku.tex)) (d:/pythonProject8/AI/TinyTeX-1/TinyTeX/texmf-dist/tex/ptex/ptex-base/eptexdefs.lib Skipping module "grouptypes"; Loading module "interactionmodes"; Skipping module "nodetypes"; Skipping module "iftypes";) (d:/pythonProject8/AI/TinyTeX-1/TinyTeX/texmf-var/tex/generic/config/language.def (d:/pythonProject8/AI/TinyTeX-1/TinyTeX/texmf-dist/tex/generic/hyphen/hyphen.tex)) Augmenting the Plain TeX definitions: \tracingall; Adding new e-TeX definitions: \eTeX, \epTeX, \eupTeX,  \loggingall, \tracingnone, register allocation; extended register allocation; 
Recycling: \addlanguage, \@nswer (not defined), \@sk, \b@dresponsetrue, \b@dresponsefalse, \ch@ckforyn, \mayber@cycle, \et@xabort, \et@xbuf, \et@xfmtsrc, \et@xfilehdr, \et@xinf, \et@xpatterns, \l@ngdefnfile, \n@xt, \p@rse (not defined), \pr@mpt (not defined), \pr@mptloop (not defined), \forcer@cycle, \usef@llback, \usef@llbacktrue, \usef@llbackfalse, 
Retaining: \et@xerr, \et@xinput, \et@xlibhdr, \et@xmsg, \et@xtoks, \et@xwarn, \et@xl@@d, \et@xl@ad, \et@xload, \et@xlang, \et@xhash, \eTeX, \epTeX, \eupTeX, \etexhdrchk, \etexstatus, \module, \uselanguage, \r@tain, \r@cycle, ) )
Beginning to dump on file euptex.fmt
 (preloaded format=euptex 2025.1.11)
2547 strings of total length 37725
8020 memory locations dumped; current usage is 228&7321
1241 multiletter control sequences
\font\nullfont=nullfont
\font\tenrm=cmr10
\font\preloaded=cmr9
\font\preloaded=cmr8
\font\sevenrm=cmr7
\font\preloaded=cmr6
\font\fiverm=cmr5
\font\teni=cmmi10
\font\preloaded=cmmi9
\font\preloaded=cmmi8
\font\seveni=cmmi7
\font\preloaded=cmmi6
\font\fivei=cmmi5
\font\tensy=cmsy10
\font\preloaded=cmsy9
\font\preloaded=cmsy8
\font\sevensy=cmsy7
\font\preloaded=cmsy6
\font\fivesy=cmsy5
\font\tenex=cmex10
\font\preloaded=cmss10
\font\preloaded=cmssq8
\font\preloaded=cmssi10
\font\preloaded=cmssqi8
\font\tenbf=cmbx10
\font\preloaded=cmbx9
\font\preloaded=cmbx8
\font\sevenbf=cmbx7
\font\preloaded=cmbx6
\font\fivebf=cmbx5
\font\tentt=cmtt10
\font\preloaded=cmtt9
\font\preloaded=cmtt8
\font\preloaded=cmsltt10
\font\tensl=cmsl10
\font\preloaded=cmsl9
\font\preloaded=cmsl8
\font\tenit=cmti10
\font\preloaded=cmti9
\font\preloaded=cmti8
\font\preloaded=cmti7
\font\preloaded=cmu10
\font\preloaded=cmmib10
\font\preloaded=cmbsy10
\font\preloaded=cmcsc10
\font\preloaded=cmssbx10
\font\preloaded=cmdunh10
\font\preloaded=cmr7 at 14.51799pt
\font\preloaded=cmtt10 at 14.4pt
\font\preloaded=cmssbx10 at 14.4pt
\font\preloaded=manfnt
\font\tenmin=upjisr-h
\font\sevenmin=upjisr-h at 7.0pt
\font\fivemin=upjisr-h at 5.0pt
\font\tengt=upjisg-h
\font\sevengt=upjisg-h at 7.0pt
\font\fivegt=upjisg-h at 5.0pt
\font\tentmin=upjisr-v
\font\seventmin=upjisr-v at 7.0pt
\font\fivetmin=upjisr-v at 5.0pt
\font\tentgt=upjisg-v
\font\seventgt=upjisg-v at 7.0pt
\font\fivetgt=upjisg-v at 5.0pt
16509 words of font info for 62 preloaded fonts
14 hyphenation exceptions
Hyphenation trie of length 6075 has 181 ops out of 35111
  181 for language 0
No pages of output.
Transcript written on euptex.log.
fmtutil [INFO]: log file copied to: d:/pythonproject8/ai/tinytex-1/tinytex/texmf-var/web2c/euptex/euptex.log
fmtutil [INFO]: d:/pythonproject8/ai/tinytex-1/tinytex/texmf-var/web2c/euptex/euptex.fmt installed.
fmtutil [INFO]: --- remaking ptex with euptex
fmtutil: running `euptex -ini   -jobname=ptex -progname=ptex -kanji-internal=sjis ptex.ini' ...
This is e-upTeX, Version 3.141592653-p4.1.1-u1.30-230214-2.6 (utf8.sjis) (TeX Live 2024) (INITEX)
 restricted \write18 enabled.
(d:/pythonProject8/AI/TinyTeX-1/TinyTeX/texmf-dist/tex/ptex/ptex-base/ptex.ini (d:/pythonProject8/AI/TinyTeX-1/TinyTeX/texmf-dist/tex/ptex/ptex-base/ptex.tex (d:/pythonProject8/AI/TinyTeX-1/TinyTeX/texmf-dist/tex/plain/base/plain.tex Preloading the plain format: codes, registers, parameters, fonts, more fonts, macros, math definitions, output routines, hyphenation (d:/pythonProject8/AI/TinyTeX-1/TinyTeX/texmf-dist/tex/generic/hyphen/hyphen.tex)) (d:/pythonProject8/AI/TinyTeX-1/TinyTeX/texmf-dist/tex/ptex/ptex-base/kinsoku.tex)) )
Beginning to dump on file ptex.fmt
 (preloaded format=ptex 2025.1.11)
2428 strings of total length 35727
5060 memory locations dumped; current usage is 132&4907
1020 multiletter control sequences
\font\nullfont=nullfont
\font\tenrm=cmr10
\font\preloaded=cmr9
\font\preloaded=cmr8
\font\sevenrm=cmr7
\font\preloaded=cmr6
\font\fiverm=cmr5
\font\teni=cmmi10
\font\preloaded=cmmi9
\font\preloaded=cmmi8
\font\seveni=cmmi7
\font\preloaded=cmmi6
\font\fivei=cmmi5
\font\tensy=cmsy10
\font\preloaded=cmsy9
\font\preloaded=cmsy8
\font\sevensy=cmsy7
\font\preloaded=cmsy6
\font\fivesy=cmsy5
\font\tenex=cmex10
\font\preloaded=cmss10
\font\preloaded=cmssq8
\font\preloaded=cmssi10
\font\preloaded=cmssqi8
\font\tenbf=cmbx10
\font\preloaded=cmbx9
\font\preloaded=cmbx8
\font\sevenbf=cmbx7
\font\preloaded=cmbx6
\font\fivebf=cmbx5
\font\tentt=cmtt10
\font\preloaded=cmtt9
\font\preloaded=cmtt8
\font\preloaded=cmsltt10
\font\tensl=cmsl10
\font\preloaded=cmsl9
\font\preloaded=cmsl8
\font\tenit=cmti10
\font\preloaded=cmti9
\font\preloaded=cmti8
\font\preloaded=cmti7
\font\preloaded=cmu10
\font\preloaded=cmmib10
\font\preloaded=cmbsy10
\font\preloaded=cmcsc10
\font\preloaded=cmssbx10
\font\preloaded=cmdunh10
\font\preloaded=cmr7 at 14.51799pt
\font\preloaded=cmtt10 at 14.4pt
\font\preloaded=cmssbx10 at 14.4pt
\font\preloaded=manfnt
\font\tenmin=min10
\font\preloaded=min9
\font\preloaded=min8
\font\sevenmin=min7
\font\preloaded=min6
\font\fivemin=min5
\font\tengt=goth10
\font\preloaded=goth9
\font\preloaded=goth8
\font\sevengt=goth7
\font\preloaded=goth6
\font\fivegt=goth5
\font\tentmin=tmin10
\font\preloaded=tmin9
\font\preloaded=tmin8
\font\seventmin=tmin7
\font\preloaded=tmin6
\font\fivetmin=tmin5
\font\tentgt=tgoth10
\font\preloaded=tgoth9
\font\preloaded=tgoth8
\font\seventgt=tgoth7
\font\preloaded=tgoth6
\font\fivetgt=tgoth5
20343 words of font info for 74 preloaded fonts
14 hyphenation exceptions
Hyphenation trie of length 6075 has 181 ops out of 35111
  181 for language 0
No pages of output.
Transcript written on ptex.log.
fmtutil [INFO]: log file copied to: d:/pythonproject8/ai/tinytex-1/tinytex/texmf-var/web2c/euptex/ptex.log
fmtutil [INFO]: d:/pythonproject8/ai/tinytex-1/tinytex/texmf-var/web2c/euptex/ptex.fmt installed.
fmtutil [INFO]: --- remaking uptex with euptex
fmtutil: running `euptex -ini   -jobname=uptex -progname=uptex uptex.ini' ...
This is e-upTeX, Version 3.141592653-p4.1.1-u1.30-230214-2.6 (utf8.uptex) (TeX Live 2024) (INITEX)
 restricted \write18 enabled.
(d:/pythonProject8/AI/TinyTeX-1/TinyTeX/texmf-dist/tex/uptex/uptex-base/uptex.ini (d:/pythonProject8/AI/TinyTeX-1/TinyTeX/texmf-dist/tex/uptex/uptex-base/uptex.tex (d:/pythonProject8/AI/TinyTeX-1/TinyTeX/texmf-dist/tex/plain/base/plain.tex Preloading the plain format: codes, registers, parameters, fonts, more fonts, macros, math definitions, output routines, hyphenation (d:/pythonProject8/AI/TinyTeX-1/TinyTeX/texmf-dist/tex/generic/hyphen/hyphen.tex)) (d:/pythonProject8/AI/TinyTeX-1/TinyTeX/texmf-dist/tex/uptex/uptex-base/ukinsoku.tex)) )
Beginning to dump on file uptex.fmt
 (preloaded format=uptex 2025.1.11)
2409 strings of total length 35667
5065 memory locations dumped; current usage is 132&4912
1020 multiletter control sequences
\font\nullfont=nullfont
\font\tenrm=cmr10
\font\preloaded=cmr9
\font\preloaded=cmr8
\font\sevenrm=cmr7
\font\preloaded=cmr6
\font\fiverm=cmr5
\font\teni=cmmi10
\font\preloaded=cmmi9
\font\preloaded=cmmi8
\font\seveni=cmmi7
\font\preloaded=cmmi6
\font\fivei=cmmi5
\font\tensy=cmsy10
\font\preloaded=cmsy9
\font\preloaded=cmsy8
\font\sevensy=cmsy7
\font\preloaded=cmsy6
\font\fivesy=cmsy5
\font\tenex=cmex10
\font\preloaded=cmss10
\font\preloaded=cmssq8
\font\preloaded=cmssi10
\font\preloaded=cmssqi8
\font\tenbf=cmbx10
\font\preloaded=cmbx9
\font\preloaded=cmbx8
\font\sevenbf=cmbx7
\font\preloaded=cmbx6
\font\fivebf=cmbx5
\font\tentt=cmtt10
\font\preloaded=cmtt9
\font\preloaded=cmtt8
\font\preloaded=cmsltt10
\font\tensl=cmsl10
\font\preloaded=cmsl9
\font\preloaded=cmsl8
\font\tenit=cmti10
\font\preloaded=cmti9
\font\preloaded=cmti8
\font\preloaded=cmti7
\font\preloaded=cmu10
\font\preloaded=cmmib10
\font\preloaded=cmbsy10
\font\preloaded=cmcsc10
\font\preloaded=cmssbx10
\font\preloaded=cmdunh10
\font\preloaded=cmr7 at 14.51799pt
\font\preloaded=cmtt10 at 14.4pt
\font\preloaded=cmssbx10 at 14.4pt
\font\preloaded=manfnt
\font\tenmin=upjisr-h
\font\sevenmin=upjisr-h at 7.0pt
\font\fivemin=upjisr-h at 5.0pt
\font\tengt=upjisg-h
\font\sevengt=upjisg-h at 7.0pt
\font\fivegt=upjisg-h at 5.0pt
\font\tentmin=upjisr-v
\font\seventmin=upjisr-v at 7.0pt
\font\fivetmin=upjisr-v at 5.0pt
\font\tentgt=upjisg-v
\font\seventgt=upjisg-v at 7.0pt
\font\fivetgt=upjisg-v at 5.0pt
16509 words of font info for 62 preloaded fonts
14 hyphenation exceptions
Hyphenation trie of length 6075 has 181 ops out of 35111
  181 for language 0
No pages of output.
Transcript written on uptex.log.
fmtutil [INFO]: log file copied to: d:/pythonproject8/ai/tinytex-1/tinytex/texmf-var/web2c/euptex/uptex.log
fmtutil [INFO]: d:/pythonproject8/ai/tinytex-1/tinytex/texmf-var/web2c/euptex/uptex.fmt installed.
fmtutil [INFO]: --- remaking platex with euptex
fmtutil: running `euptex -ini   -jobname=platex -progname=platex -kanji-internal=sjis *platex.ini' ...
This is e-upTeX, Version 3.141592653-p4.1.1-u1.30-230214-2.6 (utf8.sjis) (TeX Live 2024) (INITEX)
 restricted \write18 enabled.
entering extended mode
(d:/pythonProject8/AI/TinyTeX-1/TinyTeX/texmf-dist/tex/platex/config/platex.ini
<<< making "platex with Babel" format >>>

(d:/pythonProject8/AI/TinyTeX-1/TinyTeX/texmf-dist/tex/platex/base/platex.ltx (d:/pythonProject8/AI/TinyTeX-1/TinyTeX/texmf-dist/tex/latex/base/latex.ltx (d:/pythonProject8/AI/TinyTeX-1/TinyTeX/texmf-dist/tex/latex/base/texsys.cfg)
./texsys.aux found


\@currdir set to: ./.


Assuming \openin and \input 
have the same search path.


Defining UNIX/DOS style filename parser.

catcodes, registers, parameters,
LaTeX2e <2024-11-01> patch level 1
(d:/pythonProject8/AI/TinyTeX-1/TinyTeX/texmf-dist/tex/latex/l3kernel/expl3.ltx (d:/pythonProject8/AI/TinyTeX-1/TinyTeX/texmf-dist/tex/latex/l3kernel/expl3-code.tex)) hacks, document commands, templates, control, par, spacing, files, font encodings, lengths, NFSS base, NFSS axes, NFSS tracing, NFSS declarative interface, NFSS initialization,
====================================

Local config file fonttext.cfg used

====================================
(d:/pythonProject8/AI/TinyTeX-1/TinyTeX/texmf-dist/tex/latex/base/fonttext.cfg (d:/pythonProject8/AI/TinyTeX-1/TinyTeX/texmf-dist/tex/latex/base/fonttext.ltx
=== Don't modify this file, use a .cfg file instead ===

(d:/pythonProject8/AI/TinyTeX-1/TinyTeX/texmf-dist/tex/latex/base/omlenc.def) (d:/pythonProject8/AI/TinyTeX-1/TinyTeX/texmf-dist/tex/latex/base/omsenc.def) (d:/pythonProject8/AI/TinyTeX-1/TinyTeX/texmf-dist/tex/latex/base/ot1enc.def) (d:/pythonProject8/AI/TinyTeX-1/TinyTeX/texmf-dist/tex/latex/base/t1enc.def) (d:/pythonProject8/AI/TinyTeX-1/TinyTeX/texmf-dist/tex/latex/base/ts1enc.def) (d:/pythonProject8/AI/TinyTeX-1/TinyTeX/texmf-dist/tex/latex/base/ts1cmr.fd) (d:/pythonProject8/AI/TinyTeX-1/TinyTeX/texmf-dist/tex/latex/base/t1cmr.fd) (d:/pythonProject8/AI/TinyTeX-1/TinyTeX/texmf-dist/tex/latex/base/ot1cmr.fd) (d:/pythonProject8/AI/TinyTeX-1/TinyTeX/texmf-dist/tex/latex/base/ts1cmr.fd) (d:/pythonProject8/AI/TinyTeX-1/TinyTeX/texmf-dist/tex/latex/base/t1cmss.fd) (d:/pythonProject8/AI/TinyTeX-1/TinyTeX/texmf-dist/tex/latex/base/t1cmtt.fd) (d:/pythonProject8/AI/TinyTeX-1/TinyTeX/texmf-dist/tex/latex/base/ot1cmss.fd) (d:/pythonProject8/AI/TinyTeX-1/TinyTeX/texmf-dist/tex/latex/base/ot1cmtt.fd) (d:/pythonProject8/AI/TinyTeX-1/TinyTeX/texmf-dist/tex/latex/base/ts1cmss.fd) (d:/pythonProject8/AI/TinyTeX-1/TinyTeX/texmf-dist/tex/latex/base/ts1cmtt.fd)))
====================================

Local config file fontmath.cfg used

====================================
(d:/pythonProject8/AI/TinyTeX-1/TinyTeX/texmf-dist/tex/latex/base/fontmath.cfg (d:/pythonProject8/AI/TinyTeX-1/TinyTeX/texmf-dist/tex/latex/base/fontmath.ltx
=== Don't modify this file, use a .cfg file instead ===

(d:/pythonProject8/AI/TinyTeX-1/TinyTeX/texmf-dist/tex/latex/base/omlcmm.fd) (d:/pythonProject8/AI/TinyTeX-1/TinyTeX/texmf-dist/tex/latex/base/omscmsy.fd) (d:/pythonProject8/AI/TinyTeX-1/TinyTeX/texmf-dist/tex/latex/base/omxcmex.fd) (d:/pythonProject8/AI/TinyTeX-1/TinyTeX/texmf-dist/tex/latex/base/ucmr.fd)))
====================================

Local config file preload.cfg used

=====================================
(d:/pythonProject8/AI/TinyTeX-1/TinyTeX/texmf-dist/tex/latex/base/preload.cfg (d:/pythonProject8/AI/TinyTeX-1/TinyTeX/texmf-dist/tex/latex/base/preload.ltx)) page nos., x-ref, environments, center, verbatim, math definitions, boxes, title, sectioning, contents, floats, footnotes, index, bibliography, output,
===========================================
Local configuration file hyphen.cfg used
===========================================
(d:/pythonProject8/AI/TinyTeX-1/TinyTeX/texmf-dist/tex/generic/babel/hyphen.cfg (d:/pythonProject8/AI/TinyTeX-1/TinyTeX/texmf-dist/tex/generic/hyphen/hyphen.tex) (d:/pythonProject8/AI/TinyTeX-1/TinyTeX/texmf-dist/tex/generic/hyphen/dumyhyph.tex) (d:/pythonProject8/AI/TinyTeX-1/TinyTeX/texmf-dist/tex/generic/hyphen/zerohyph.tex) (d:/pythonProject8/AI/TinyTeX-1/TinyTeX/texmf-dist/tex/generic/hyphen/zerohyph.tex) (d:/pythonProject8/AI/TinyTeX-1/TinyTeX/texmf-dist/tex/generic/hyphen/zerohyph.tex)) (d:/pythonProject8/AI/TinyTeX-1/TinyTeX/texmf-dist/tex/latex/base/utf8.def (d:/pythonProject8/AI/TinyTeX-1/TinyTeX/texmf-dist/tex/latex/base/omsenc.dfu) (d:/pythonProject8/AI/TinyTeX-1/TinyTeX/texmf-dist/tex/latex/base/ot1enc.dfu) (d:/pythonProject8/AI/TinyTeX-1/TinyTeX/texmf-dist/tex/latex/base/t1enc.dfu) (d:/pythonProject8/AI/TinyTeX-1/TinyTeX/texmf-dist/tex/latex/base/ts1enc.dfu)) (d:/pythonProject8/AI/TinyTeX-1/TinyTeX/texmf-dist/tex/latex/firstaid/latex2e-first-aid-for-external-files.ltx)
)
**************************
*
* making pLaTeX format
*
**************************
(d:/pythonProject8/AI/TinyTeX-1/TinyTeX/texmf-dist/tex/platex/base/plcore.ltx (d:/pythonProject8/AI/TinyTeX-1/TinyTeX/texmf-dist/tex/platex/base/plexpl3.ltx)) (d:/pythonProject8/AI/TinyTeX-1/TinyTeX/texmf-dist/tex/platex/base/pldefs.ltx (d:/pythonProject8/AI/TinyTeX-1/TinyTeX/texmf-dist/tex/platex/base/jy1mc.fd) (d:/pythonProject8/AI/TinyTeX-1/TinyTeX/texmf-dist/tex/platex/base/jy1gt.fd) (d:/pythonProject8/AI/TinyTeX-1/TinyTeX/texmf-dist/tex/platex/base/jt1mc.fd) (d:/pythonProject8/AI/TinyTeX-1/TinyTeX/texmf-dist/tex/platex/base/jt1gt.fd) Loading kinsoku patterns for japanese. (d:/pythonProject8/AI/TinyTeX-1/TinyTeX/texmf-dist/tex/platex/base/kinsoku.tex)) ) )
Beginning to dump on file platex.fmt
 (preloaded format=platex 2025.1.11)
24633 strings of total length 482774
379932 memory locations dumped; current usage is 294&378789
23223 multiletter control sequences
\font\nullfont=nullfont
\font\c__fp_exp_intarray=cmr10 at 0.00002pt
\font\c__fp_trig_intarray=cmr10 at 0.00003pt
\font\c_initex_cctab=cmr10 at 0.00005pt
\font\c_other_cctab=cmr10 at 0.00006pt
\font\c_str_cctab=cmr10 at 0.00008pt
\font\g_tmpa_cctab=cmr10 at 0.00009pt
\font\g_tmpb_cctab=cmr10 at 0.0001pt
\font\g__regex_state_active_intarray=cmr10 at 0.00012pt
\font\g__regex_thread_info_intarray=cmr10 at 0.00014pt
\font\g__regex_submatch_prev_intarray=cmr10 at 0.00015pt
\font\g__regex_submatch_begin_intarray=cmr10 at 0.00017pt
\font\g__regex_submatch_end_intarray=cmr10 at 0.00018pt
\font\g__regex_submatch_case_intarray=cmr10 at 0.0002pt
\font\g__regex_balance_intarray=cmr10 at 0.00021pt
\font\g__codepoint_category_index_intarray=cmr10 at 0.00023pt
\font\g__codepoint_uppercase_index_intarray=cmr10 at 0.00024pt
\font\g__codepoint_lowercase_index_intarray=cmr10 at 0.00026pt
\font\g__codepoint_category_blocks_intarray=cmr10 at 0.00027pt
\font\g__codepoint_uppercase_blocks_intarray=cmr10 at 0.00029pt
\font\g__codepoint_lowercase_blocks_intarray=cmr10 at 0.0003pt
\font\OMX/cmex/m/n/10=cmex10
\font\tenln=line10
\font\tenlnw=linew10
\font\tencirc=lcircle10
\font\tencircw=lcirclew10
\font\OT1/cmr/m/n/5=cmr5
\font\OT1/cmr/m/n/7=cmr7
\font\OT1/cmr/m/n/10=cmr10
\font\OML/cmm/m/it/5=cmmi5
\font\OML/cmm/m/it/7=cmmi7
\font\OML/cmm/m/it/10=cmmi10
\font\OMS/cmsy/m/n/5=cmsy5
\font\OMS/cmsy/m/n/7=cmsy7
\font\OMS/cmsy/m/n/10=cmsy10
\font\c_code_cctab=cmr10 at 0.00032pt
\font\c_document_cctab=cmr10 at 0.00034pt
\font\JY1/mc/m/n/10=min10
\font\@bannerfont=cmtt9
\font\JT1/mc/m/n/10=tmin10
\font\JY1/mc/m/n/5=min5
\font\JY1/mc/m/n/7=min7
\font\JY1/mc/m/n/12=min10 at 12.0pt
\font\JY1/gt/m/n/5=goth5
\font\JY1/gt/m/n/7=goth7
\font\JY1/gt/m/n/10=goth10
\font\JY1/gt/m/n/12=goth10 at 12.0pt
\font\JT1/mc/m/n/5=tmin5
\font\JT1/mc/m/n/7=tmin7
\font\JT1/mc/m/n/12=tmin10 at 12.0pt
\font\JT1/gt/m/n/5=tgoth5
\font\JT1/gt/m/n/7=tgoth7
\font\JT1/gt/m/n/10=tgoth10
\font\JT1/gt/m/n/12=tgoth10 at 12.0pt
562701 words of font info for 53 preloaded fonts
14 hyphenation exceptions
Hyphenation trie of length 6081 has 183 ops out of 35111
  2 for language 1
  181 for language 0
No pages of output.
Transcript written on platex.log.
fmtutil [INFO]: log file copied to: d:/pythonproject8/ai/tinytex-1/tinytex/texmf-var/web2c/euptex/platex.log
fmtutil [INFO]: d:/pythonproject8/ai/tinytex-1/tinytex/texmf-var/web2c/euptex/platex.fmt installed.
fmtutil [INFO]: --- remaking platex-dev with euptex
fmtutil: running `euptex -ini   -jobname=platex-dev -progname=platex-dev -kanji-internal=sjis *platex.ini' ...
This is e-upTeX, Version 3.141592653-p4.1.1-u1.30-230214-2.6 (utf8.sjis) (TeX Live 2024) (INITEX)
 restricted \write18 enabled.
entering extended mode
(d:/pythonProject8/AI/TinyTeX-1/TinyTeX/texmf-dist/tex/platex/config/platex.ini
<<< making "platex with Babel" format >>>

(d:/pythonProject8/AI/TinyTeX-1/TinyTeX/texmf-dist/tex/platex/base/platex.ltx (d:/pythonProject8/AI/TinyTeX-1/TinyTeX/texmf-dist/tex/latex-dev/base/latex.ltx (d:/pythonProject8/AI/TinyTeX-1/TinyTeX/texmf-dist/tex/latex-dev/base/texsys.cfg)
./texsys.aux found


\@currdir set to: ./.


Assuming \openin and \input 
have the same search path.


Defining UNIX/DOS style filename parser.

catcodes, registers, parameters,
LaTeX2e <2025-06-01> pre-release-1 (develop 2025-1-11 branch)
(d:/pythonProject8/AI/TinyTeX-1/TinyTeX/texmf-dist/tex/latex-dev/l3kernel/expl3.ltx (d:/pythonProject8/AI/TinyTeX-1/TinyTeX/texmf-dist/tex/latex-dev/l3kernel/expl3-code.tex)) hacks, document commands, templates, control, par, spacing, files, font encodings, lengths, NFSS base, NFSS axes, NFSS tracing, NFSS declarative interface, NFSS initialization,
====================================

Local config file fonttext.cfg used

====================================
(d:/pythonProject8/AI/TinyTeX-1/TinyTeX/texmf-dist/tex/latex-dev/base/fonttext.cfg (d:/pythonProject8/AI/TinyTeX-1/TinyTeX/texmf-dist/tex/latex-dev/base/fonttext.ltx
=== Don't modify this file, use a .cfg file instead ===

(d:/pythonProject8/AI/TinyTeX-1/TinyTeX/texmf-dist/tex/latex-dev/base/omlenc.def) (d:/pythonProject8/AI/TinyTeX-1/TinyTeX/texmf-dist/tex/latex-dev/base/omsenc.def) (d:/pythonProject8/AI/TinyTeX-1/TinyTeX/texmf-dist/tex/latex-dev/base/ot1enc.def) (d:/pythonProject8/AI/TinyTeX-1/TinyTeX/texmf-dist/tex/latex-dev/base/t1enc.def) (d:/pythonProject8/AI/TinyTeX-1/TinyTeX/texmf-dist/tex/latex-dev/base/ts1enc.def) (d:/pythonProject8/AI/TinyTeX-1/TinyTeX/texmf-dist/tex/latex-dev/base/ts1cmr.fd) (d:/pythonProject8/AI/TinyTeX-1/TinyTeX/texmf-dist/tex/latex-dev/base/t1cmr.fd) (d:/pythonProject8/AI/TinyTeX-1/TinyTeX/texmf-dist/tex/latex-dev/base/ot1cmr.fd) (d:/pythonProject8/AI/TinyTeX-1/TinyTeX/texmf-dist/tex/latex-dev/base/ts1cmr.fd) (d:/pythonProject8/AI/TinyTeX-1/TinyTeX/texmf-dist/tex/latex-dev/base/t1cmss.fd) (d:/pythonProject8/AI/TinyTeX-1/TinyTeX/texmf-dist/tex/latex-dev/base/t1cmtt.fd) (d:/pythonProject8/AI/TinyTeX-1/TinyTeX/texmf-dist/tex/latex-dev/base/ot1cmss.fd) (d:/pythonProject8/AI/TinyTeX-1/TinyTeX/texmf-dist/tex/latex-dev/base/ot1cmtt.fd) (d:/pythonProject8/AI/TinyTeX-1/TinyTeX/texmf-dist/tex/latex-dev/base/ts1cmss.fd) (d:/pythonProject8/AI/TinyTeX-1/TinyTeX/texmf-dist/tex/latex-dev/base/ts1cmtt.fd)))
====================================

Local config file fontmath.cfg used

====================================
(d:/pythonProject8/AI/TinyTeX-1/TinyTeX/texmf-dist/tex/latex-dev/base/fontmath.cfg (d:/pythonProject8/AI/TinyTeX-1/TinyTeX/texmf-dist/tex/latex-dev/base/fontmath.ltx
=== Don't modify this file, use a .cfg file instead ===

(d:/pythonProject8/AI/TinyTeX-1/TinyTeX/texmf-dist/tex/latex-dev/base/omlcmm.fd) (d:/pythonProject8/AI/TinyTeX-1/TinyTeX/texmf-dist/tex/latex-dev/base/omscmsy.fd) (d:/pythonProject8/AI/TinyTeX-1/TinyTeX/texmf-dist/tex/latex-dev/base/omxcmex.fd) (d:/pythonProject8/AI/TinyTeX-1/TinyTeX/texmf-dist/tex/latex-dev/base/ucmr.fd)))
====================================

Local config file preload.cfg used

=====================================
(d:/pythonProject8/AI/TinyTeX-1/TinyTeX/texmf-dist/tex/latex-dev/base/preload.cfg (d:/pythonProject8/AI/TinyTeX-1/TinyTeX/texmf-dist/tex/latex-dev/base/preload.ltx)) page nos., x-ref, environments, center, verbatim, math definitions, boxes, title, sectioning, contents, floats, footnotes, index, bibliography, output,
===========================================
Local configuration file hyphen.cfg used
===========================================
(d:/pythonProject8/AI/TinyTeX-1/TinyTeX/texmf-dist/tex/generic/babel/hyphen.cfg (d:/pythonProject8/AI/TinyTeX-1/TinyTeX/texmf-dist/tex/generic/hyphen/hyphen.tex) (d:/pythonProject8/AI/TinyTeX-1/TinyTeX/texmf-dist/tex/generic/hyphen/dumyhyph.tex) (d:/pythonProject8/AI/TinyTeX-1/TinyTeX/texmf-dist/tex/generic/hyphen/zerohyph.tex) (d:/pythonProject8/AI/TinyTeX-1/TinyTeX/texmf-dist/tex/generic/hyphen/zerohyph.tex) (d:/pythonProject8/AI/TinyTeX-1/TinyTeX/texmf-dist/tex/generic/hyphen/zerohyph.tex)) (d:/pythonProject8/AI/TinyTeX-1/TinyTeX/texmf-dist/tex/latex-dev/base/utf8.def (d:/pythonProject8/AI/TinyTeX-1/TinyTeX/texmf-dist/tex/latex-dev/base/omsenc.dfu) (d:/pythonProject8/AI/TinyTeX-1/TinyTeX/texmf-dist/tex/latex-dev/base/ot1enc.dfu) (d:/pythonProject8/AI/TinyTeX-1/TinyTeX/texmf-dist/tex/latex-dev/base/t1enc.dfu) (d:/pythonProject8/AI/TinyTeX-1/TinyTeX/texmf-dist/tex/latex-dev/base/ts1enc.dfu)) (d:/pythonProject8/AI/TinyTeX-1/TinyTeX/texmf-dist/tex/latex-dev/firstaid/latex2e-first-aid-for-external-files.ltx)
)
**************************
*
* making pLaTeX format
*
**************************
(d:/pythonProject8/AI/TinyTeX-1/TinyTeX/texmf-dist/tex/platex/base/plcore.ltx (d:/pythonProject8/AI/TinyTeX-1/TinyTeX/texmf-dist/tex/platex/base/plexpl3.ltx)) (d:/pythonProject8/AI/TinyTeX-1/TinyTeX/texmf-dist/tex/platex/base/pldefs.ltx (d:/pythonProject8/AI/TinyTeX-1/TinyTeX/texmf-dist/tex/platex/base/jy1mc.fd) (d:/pythonProject8/AI/TinyTeX-1/TinyTeX/texmf-dist/tex/platex/base/jy1gt.fd) (d:/pythonProject8/AI/TinyTeX-1/TinyTeX/texmf-dist/tex/platex/base/jt1mc.fd) (d:/pythonProject8/AI/TinyTeX-1/TinyTeX/texmf-dist/tex/platex/base/jt1gt.fd) Loading kinsoku patterns for japanese. (d:/pythonProject8/AI/TinyTeX-1/TinyTeX/texmf-dist/tex/platex/base/kinsoku.tex)) ) )
Beginning to dump on file platex-dev.fmt
 (preloaded format=platex-dev 2025.1.11)
24834 strings of total length 489730
379007 memory locations dumped; current usage is 294&377864
23424 multiletter control sequences
\font\nullfont=nullfont
\font\c__fp_exp_intarray=cmr10 at 0.00002pt
\font\c__fp_trig_intarray=cmr10 at 0.00003pt
\font\c_initex_cctab=cmr10 at 0.00005pt
\font\c_other_cctab=cmr10 at 0.00006pt
\font\c_str_cctab=cmr10 at 0.00008pt
\font\g_tmpa_cctab=cmr10 at 0.00009pt
\font\g_tmpb_cctab=cmr10 at 0.0001pt
\font\g__regex_state_active_intarray=cmr10 at 0.00012pt
\font\g__regex_thread_info_intarray=cmr10 at 0.00014pt
\font\g__regex_submatch_prev_intarray=cmr10 at 0.00015pt
\font\g__regex_submatch_begin_intarray=cmr10 at 0.00017pt
\font\g__regex_submatch_end_intarray=cmr10 at 0.00018pt
\font\g__regex_submatch_case_intarray=cmr10 at 0.0002pt
\font\g__regex_balance_intarray=cmr10 at 0.00021pt
\font\g__codepoint_category_index_intarray=cmr10 at 0.00023pt
\font\g__codepoint_uppercase_index_intarray=cmr10 at 0.00024pt
\font\g__codepoint_lowercase_index_intarray=cmr10 at 0.00026pt
\font\g__codepoint_category_blocks_intarray=cmr10 at 0.00027pt
\font\g__codepoint_uppercase_blocks_intarray=cmr10 at 0.00029pt
\font\g__codepoint_lowercase_blocks_intarray=cmr10 at 0.0003pt
\font\OMX/cmex/m/n/10=cmex10
\font\tenln=line10
\font\tenlnw=linew10
\font\tencirc=lcircle10
\font\tencircw=lcirclew10
\font\OT1/cmr/m/n/5=cmr5
\font\OT1/cmr/m/n/7=cmr7
\font\OT1/cmr/m/n/10=cmr10
\font\OML/cmm/m/it/5=cmmi5
\font\OML/cmm/m/it/7=cmmi7
\font\OML/cmm/m/it/10=cmmi10
\font\OMS/cmsy/m/n/5=cmsy5
\font\OMS/cmsy/m/n/7=cmsy7
\font\OMS/cmsy/m/n/10=cmsy10
\font\c_code_cctab=cmr10 at 0.00032pt
\font\c_document_cctab=cmr10 at 0.00034pt
\font\JY1/mc/m/n/10=min10
\font\@bannerfont=cmtt9
\font\JT1/mc/m/n/10=tmin10
\font\JY1/mc/m/n/5=min5
\font\JY1/mc/m/n/7=min7
\font\JY1/mc/m/n/12=min10 at 12.0pt
\font\JY1/gt/m/n/5=goth5
\font\JY1/gt/m/n/7=goth7
\font\JY1/gt/m/n/10=goth10
\font\JY1/gt/m/n/12=goth10 at 12.0pt
\font\JT1/mc/m/n/5=tmin5
\font\JT1/mc/m/n/7=tmin7
\font\JT1/mc/m/n/12=tmin10 at 12.0pt
\font\JT1/gt/m/n/5=tgoth5
\font\JT1/gt/m/n/7=tgoth7
\font\JT1/gt/m/n/10=tgoth10
\font\JT1/gt/m/n/12=tgoth10 at 12.0pt
562701 words of font info for 53 preloaded fonts
14 hyphenation exceptions
Hyphenation trie of length 6081 has 183 ops out of 35111
  2 for language 1
  181 for language 0
No pages of output.
Transcript written on platex-dev.log.
fmtutil [INFO]: log file copied to: d:/pythonproject8/ai/tinytex-1/tinytex/texmf-var/web2c/euptex/platex-dev.log
fmtutil [INFO]: d:/pythonproject8/ai/tinytex-1/tinytex/texmf-var/web2c/euptex/platex-dev.fmt installed.
fmtutil [INFO]: --- remaking uplatex with euptex
fmtutil: running `euptex -ini   -jobname=uplatex -progname=uplatex *uplatex.ini' ...
This is e-upTeX, Version 3.141592653-p4.1.1-u1.30-230214-2.6 (utf8.uptex) (TeX Live 2024) (INITEX)
 restricted \write18 enabled.
entering extended mode
(d:/pythonProject8/AI/TinyTeX-1/TinyTeX/texmf-dist/tex/uplatex/config/uplatex.ini
<<< making "uplatex with Babel" format >>>

(d:/pythonProject8/AI/TinyTeX-1/TinyTeX/texmf-dist/tex/uplatex/base/uplatex.ltx (d:/pythonProject8/AI/TinyTeX-1/TinyTeX/texmf-dist/tex/latex/base/latex.ltx (d:/pythonProject8/AI/TinyTeX-1/TinyTeX/texmf-dist/tex/latex/base/texsys.cfg)
./texsys.aux found


\@currdir set to: ./.


Assuming \openin and \input 
have the same search path.


Defining UNIX/DOS style filename parser.

catcodes, registers, parameters,
LaTeX2e <2024-11-01> patch level 1
(d:/pythonProject8/AI/TinyTeX-1/TinyTeX/texmf-dist/tex/latex/l3kernel/expl3.ltx (d:/pythonProject8/AI/TinyTeX-1/TinyTeX/texmf-dist/tex/latex/l3kernel/expl3-code.tex)) hacks, document commands, templates, control, par, spacing, files, font encodings, lengths, NFSS base, NFSS axes, NFSS tracing, NFSS declarative interface, NFSS initialization,
====================================

Local config file fonttext.cfg used

====================================
(d:/pythonProject8/AI/TinyTeX-1/TinyTeX/texmf-dist/tex/latex/base/fonttext.cfg (d:/pythonProject8/AI/TinyTeX-1/TinyTeX/texmf-dist/tex/latex/base/fonttext.ltx
=== Don't modify this file, use a .cfg file instead ===

(d:/pythonProject8/AI/TinyTeX-1/TinyTeX/texmf-dist/tex/latex/base/omlenc.def) (d:/pythonProject8/AI/TinyTeX-1/TinyTeX/texmf-dist/tex/latex/base/omsenc.def) (d:/pythonProject8/AI/TinyTeX-1/TinyTeX/texmf-dist/tex/latex/base/ot1enc.def) (d:/pythonProject8/AI/TinyTeX-1/TinyTeX/texmf-dist/tex/latex/base/t1enc.def) (d:/pythonProject8/AI/TinyTeX-1/TinyTeX/texmf-dist/tex/latex/base/ts1enc.def) (d:/pythonProject8/AI/TinyTeX-1/TinyTeX/texmf-dist/tex/latex/base/ts1cmr.fd) (d:/pythonProject8/AI/TinyTeX-1/TinyTeX/texmf-dist/tex/latex/base/t1cmr.fd) (d:/pythonProject8/AI/TinyTeX-1/TinyTeX/texmf-dist/tex/latex/base/ot1cmr.fd) (d:/pythonProject8/AI/TinyTeX-1/TinyTeX/texmf-dist/tex/latex/base/ts1cmr.fd) (d:/pythonProject8/AI/TinyTeX-1/TinyTeX/texmf-dist/tex/latex/base/t1cmss.fd) (d:/pythonProject8/AI/TinyTeX-1/TinyTeX/texmf-dist/tex/latex/base/t1cmtt.fd) (d:/pythonProject8/AI/TinyTeX-1/TinyTeX/texmf-dist/tex/latex/base/ot1cmss.fd) (d:/pythonProject8/AI/TinyTeX-1/TinyTeX/texmf-dist/tex/latex/base/ot1cmtt.fd) (d:/pythonProject8/AI/TinyTeX-1/TinyTeX/texmf-dist/tex/latex/base/ts1cmss.fd) (d:/pythonProject8/AI/TinyTeX-1/TinyTeX/texmf-dist/tex/latex/base/ts1cmtt.fd)))
====================================

Local config file fontmath.cfg used

====================================
(d:/pythonProject8/AI/TinyTeX-1/TinyTeX/texmf-dist/tex/latex/base/fontmath.cfg (d:/pythonProject8/AI/TinyTeX-1/TinyTeX/texmf-dist/tex/latex/base/fontmath.ltx
=== Don't modify this file, use a .cfg file instead ===

(d:/pythonProject8/AI/TinyTeX-1/TinyTeX/texmf-dist/tex/latex/base/omlcmm.fd) (d:/pythonProject8/AI/TinyTeX-1/TinyTeX/texmf-dist/tex/latex/base/omscmsy.fd) (d:/pythonProject8/AI/TinyTeX-1/TinyTeX/texmf-dist/tex/latex/base/omxcmex.fd) (d:/pythonProject8/AI/TinyTeX-1/TinyTeX/texmf-dist/tex/latex/base/ucmr.fd)))
====================================

Local config file preload.cfg used

=====================================
(d:/pythonProject8/AI/TinyTeX-1/TinyTeX/texmf-dist/tex/latex/base/preload.cfg (d:/pythonProject8/AI/TinyTeX-1/TinyTeX/texmf-dist/tex/latex/base/preload.ltx)) page nos., x-ref, environments, center, verbatim, math definitions, boxes, title, sectioning, contents, floats, footnotes, index, bibliography, output,
===========================================
Local configuration file hyphen.cfg used
===========================================
(d:/pythonProject8/AI/TinyTeX-1/TinyTeX/texmf-dist/tex/generic/babel/hyphen.cfg (d:/pythonProject8/AI/TinyTeX-1/TinyTeX/texmf-dist/tex/generic/hyphen/hyphen.tex) (d:/pythonProject8/AI/TinyTeX-1/TinyTeX/texmf-dist/tex/generic/hyphen/dumyhyph.tex) (d:/pythonProject8/AI/TinyTeX-1/TinyTeX/texmf-dist/tex/generic/hyphen/zerohyph.tex) (d:/pythonProject8/AI/TinyTeX-1/TinyTeX/texmf-dist/tex/generic/hyphen/zerohyph.tex) (d:/pythonProject8/AI/TinyTeX-1/TinyTeX/texmf-dist/tex/generic/hyphen/zerohyph.tex)) (d:/pythonProject8/AI/TinyTeX-1/TinyTeX/texmf-dist/tex/latex/base/utf8.def (d:/pythonProject8/AI/TinyTeX-1/TinyTeX/texmf-dist/tex/latex/base/omsenc.dfu) (d:/pythonProject8/AI/TinyTeX-1/TinyTeX/texmf-dist/tex/latex/base/ot1enc.dfu) (d:/pythonProject8/AI/TinyTeX-1/TinyTeX/texmf-dist/tex/latex/base/t1enc.dfu) (d:/pythonProject8/AI/TinyTeX-1/TinyTeX/texmf-dist/tex/latex/base/ts1enc.dfu)) (d:/pythonProject8/AI/TinyTeX-1/TinyTeX/texmf-dist/tex/latex/firstaid/latex2e-first-aid-for-external-files.ltx)
)
**************************
*
* making upLaTeX format
*
**************************
(d:/pythonProject8/AI/TinyTeX-1/TinyTeX/texmf-dist/tex/platex/base/plcore.ltx (d:/pythonProject8/AI/TinyTeX-1/TinyTeX/texmf-dist/tex/platex/base/plexpl3.ltx)) (d:/pythonProject8/AI/TinyTeX-1/TinyTeX/texmf-dist/tex/uplatex/base/uplcore.ltx) (d:/pythonProject8/AI/TinyTeX-1/TinyTeX/texmf-dist/tex/uplatex/base/upldefs.ltx (d:/pythonProject8/AI/TinyTeX-1/TinyTeX/texmf-dist/tex/uplatex/base/jy2mc.fd) (d:/pythonProject8/AI/TinyTeX-1/TinyTeX/texmf-dist/tex/uplatex/base/jy2gt.fd) (d:/pythonProject8/AI/TinyTeX-1/TinyTeX/texmf-dist/tex/uplatex/base/jt2mc.fd) (d:/pythonProject8/AI/TinyTeX-1/TinyTeX/texmf-dist/tex/uplatex/base/jt2gt.fd) Loading kinsoku patterns for japanese. (d:/pythonProject8/AI/TinyTeX-1/TinyTeX/texmf-dist/tex/uplatex/base/ukinsoku.tex)) ) )
Beginning to dump on file uplatex.fmt
 (preloaded format=uplatex 2025.1.11)
24633 strings of total length 482818
380302 memory locations dumped; current usage is 294&379147
23226 multiletter control sequences
\font\nullfont=nullfont
\font\c__fp_exp_intarray=cmr10 at 0.00002pt
\font\c__fp_trig_intarray=cmr10 at 0.00003pt
\font\c_initex_cctab=cmr10 at 0.00005pt
\font\c_other_cctab=cmr10 at 0.00006pt
\font\c_str_cctab=cmr10 at 0.00008pt
\font\g_tmpa_cctab=cmr10 at 0.00009pt
\font\g_tmpb_cctab=cmr10 at 0.0001pt
\font\g__regex_state_active_intarray=cmr10 at 0.00012pt
\font\g__regex_thread_info_intarray=cmr10 at 0.00014pt
\font\g__regex_submatch_prev_intarray=cmr10 at 0.00015pt
\font\g__regex_submatch_begin_intarray=cmr10 at 0.00017pt
\font\g__regex_submatch_end_intarray=cmr10 at 0.00018pt
\font\g__regex_submatch_case_intarray=cmr10 at 0.0002pt
\font\g__regex_balance_intarray=cmr10 at 0.00021pt
\font\g__codepoint_category_index_intarray=cmr10 at 0.00023pt
\font\g__codepoint_uppercase_index_intarray=cmr10 at 0.00024pt
\font\g__codepoint_lowercase_index_intarray=cmr10 at 0.00026pt
\font\g__codepoint_category_blocks_intarray=cmr10 at 0.00027pt
\font\g__codepoint_uppercase_blocks_intarray=cmr10 at 0.00029pt
\font\g__codepoint_lowercase_blocks_intarray=cmr10 at 0.0003pt
\font\OMX/cmex/m/n/10=cmex10
\font\tenln=line10
\font\tenlnw=linew10
\font\tencirc=lcircle10
\font\tencircw=lcirclew10
\font\OT1/cmr/m/n/5=cmr5
\font\OT1/cmr/m/n/7=cmr7
\font\OT1/cmr/m/n/10=cmr10
\font\OML/cmm/m/it/5=cmmi5
\font\OML/cmm/m/it/7=cmmi7
\font\OML/cmm/m/it/10=cmmi10
\font\OMS/cmsy/m/n/5=cmsy5
\font\OMS/cmsy/m/n/7=cmsy7
\font\OMS/cmsy/m/n/10=cmsy10
\font\c_code_cctab=cmr10 at 0.00032pt
\font\c_document_cctab=cmr10 at 0.00034pt
\font\tenmin=upjisr-h at 9.62216pt
\font\@bannerfont=cmtt9
\font\JT2/mc/m/n/10=upjisr-v at 9.6222pt
\font\JY2/mc/m/n/10=upjisr-h at 9.6222pt
\font\JY2/mc/m/n/5=upjisr-h at 4.8111pt
\font\JY2/mc/m/n/7=upjisr-h at 6.73553pt
\font\JY2/mc/m/n/12=upjisr-h at 11.54663pt
\font\JY2/gt/m/n/5=upjisg-h at 4.8111pt
\font\JY2/gt/m/n/7=upjisg-h at 6.73553pt
\font\JY2/gt/m/n/10=upjisg-h at 9.6222pt
\font\JY2/gt/m/n/12=upjisg-h at 11.54663pt
\font\JT2/mc/m/n/5=upjisr-v at 4.8111pt
\font\JT2/mc/m/n/7=upjisr-v at 6.73553pt
\font\JT2/mc/m/n/12=upjisr-v at 11.54663pt
\font\JT2/gt/m/n/5=upjisg-v at 4.8111pt
\font\JT2/gt/m/n/7=upjisg-v at 6.73553pt
\font\JT2/gt/m/n/10=upjisg-v at 9.6222pt
\font\JT2/gt/m/n/12=upjisg-v at 11.54663pt
561471 words of font info for 54 preloaded fonts
14 hyphenation exceptions
Hyphenation trie of length 6081 has 183 ops out of 35111
  2 for language 1
  181 for language 0
No pages of output.
Transcript written on uplatex.log.
fmtutil [INFO]: log file copied to: d:/pythonproject8/ai/tinytex-1/tinytex/texmf-var/web2c/euptex/uplatex.log
fmtutil [INFO]: d:/pythonproject8/ai/tinytex-1/tinytex/texmf-var/web2c/euptex/uplatex.fmt installed.
fmtutil [INFO]: --- remaking uplatex-dev with euptex
fmtutil: running `euptex -ini   -jobname=uplatex-dev -progname=uplatex-dev *uplatex.ini' ...
This is e-upTeX, Version 3.141592653-p4.1.1-u1.30-230214-2.6 (utf8.uptex) (TeX Live 2024) (INITEX)
 restricted \write18 enabled.
entering extended mode
(d:/pythonProject8/AI/TinyTeX-1/TinyTeX/texmf-dist/tex/uplatex/config/uplatex.ini
<<< making "uplatex with Babel" format >>>

(d:/pythonProject8/AI/TinyTeX-1/TinyTeX/texmf-dist/tex/uplatex/base/uplatex.ltx (d:/pythonProject8/AI/TinyTeX-1/TinyTeX/texmf-dist/tex/latex-dev/base/latex.ltx (d:/pythonProject8/AI/TinyTeX-1/TinyTeX/texmf-dist/tex/latex-dev/base/texsys.cfg)
./texsys.aux found


\@currdir set to: ./.


Assuming \openin and \input 
have the same search path.


Defining UNIX/DOS style filename parser.

catcodes, registers, parameters,
LaTeX2e <2025-06-01> pre-release-1 (develop 2025-1-11 branch)
(d:/pythonProject8/AI/TinyTeX-1/TinyTeX/texmf-dist/tex/latex-dev/l3kernel/expl3.ltx (d:/pythonProject8/AI/TinyTeX-1/TinyTeX/texmf-dist/tex/latex-dev/l3kernel/expl3-code.tex)) hacks, document commands, templates, control, par, spacing, files, font encodings, lengths, NFSS base, NFSS axes, NFSS tracing, NFSS declarative interface, NFSS initialization,
====================================

Local config file fonttext.cfg used

====================================
(d:/pythonProject8/AI/TinyTeX-1/TinyTeX/texmf-dist/tex/latex-dev/base/fonttext.cfg (d:/pythonProject8/AI/TinyTeX-1/TinyTeX/texmf-dist/tex/latex-dev/base/fonttext.ltx
=== Don't modify this file, use a .cfg file instead ===

(d:/pythonProject8/AI/TinyTeX-1/TinyTeX/texmf-dist/tex/latex-dev/base/omlenc.def) (d:/pythonProject8/AI/TinyTeX-1/TinyTeX/texmf-dist/tex/latex-dev/base/omsenc.def) (d:/pythonProject8/AI/TinyTeX-1/TinyTeX/texmf-dist/tex/latex-dev/base/ot1enc.def) (d:/pythonProject8/AI/TinyTeX-1/TinyTeX/texmf-dist/tex/latex-dev/base/t1enc.def) (d:/pythonProject8/AI/TinyTeX-1/TinyTeX/texmf-dist/tex/latex-dev/base/ts1enc.def) (d:/pythonProject8/AI/TinyTeX-1/TinyTeX/texmf-dist/tex/latex-dev/base/ts1cmr.fd) (d:/pythonProject8/AI/TinyTeX-1/TinyTeX/texmf-dist/tex/latex-dev/base/t1cmr.fd) (d:/pythonProject8/AI/TinyTeX-1/TinyTeX/texmf-dist/tex/latex-dev/base/ot1cmr.fd) (d:/pythonProject8/AI/TinyTeX-1/TinyTeX/texmf-dist/tex/latex-dev/base/ts1cmr.fd) (d:/pythonProject8/AI/TinyTeX-1/TinyTeX/texmf-dist/tex/latex-dev/base/t1cmss.fd) (d:/pythonProject8/AI/TinyTeX-1/TinyTeX/texmf-dist/tex/latex-dev/base/t1cmtt.fd) (d:/pythonProject8/AI/TinyTeX-1/TinyTeX/texmf-dist/tex/latex-dev/base/ot1cmss.fd) (d:/pythonProject8/AI/TinyTeX-1/TinyTeX/texmf-dist/tex/latex-dev/base/ot1cmtt.fd) (d:/pythonProject8/AI/TinyTeX-1/TinyTeX/texmf-dist/tex/latex-dev/base/ts1cmss.fd) (d:/pythonProject8/AI/TinyTeX-1/TinyTeX/texmf-dist/tex/latex-dev/base/ts1cmtt.fd)))
====================================

Local config file fontmath.cfg used

====================================
(d:/pythonProject8/AI/TinyTeX-1/TinyTeX/texmf-dist/tex/latex-dev/base/fontmath.cfg (d:/pythonProject8/AI/TinyTeX-1/TinyTeX/texmf-dist/tex/latex-dev/base/fontmath.ltx
=== Don't modify this file, use a .cfg file instead ===

(d:/pythonProject8/AI/TinyTeX-1/TinyTeX/texmf-dist/tex/latex-dev/base/omlcmm.fd) (d:/pythonProject8/AI/TinyTeX-1/TinyTeX/texmf-dist/tex/latex-dev/base/omscmsy.fd) (d:/pythonProject8/AI/TinyTeX-1/TinyTeX/texmf-dist/tex/latex-dev/base/omxcmex.fd) (d:/pythonProject8/AI/TinyTeX-1/TinyTeX/texmf-dist/tex/latex-dev/base/ucmr.fd)))
====================================

Local config file preload.cfg used

=====================================
(d:/pythonProject8/AI/TinyTeX-1/TinyTeX/texmf-dist/tex/latex-dev/base/preload.cfg (d:/pythonProject8/AI/TinyTeX-1/TinyTeX/texmf-dist/tex/latex-dev/base/preload.ltx)) page nos., x-ref, environments, center, verbatim, math definitions, boxes, title, sectioning, contents, floats, footnotes, index, bibliography, output,
===========================================
Local configuration file hyphen.cfg used
===========================================
(d:/pythonProject8/AI/TinyTeX-1/TinyTeX/texmf-dist/tex/generic/babel/hyphen.cfg (d:/pythonProject8/AI/TinyTeX-1/TinyTeX/texmf-dist/tex/generic/hyphen/hyphen.tex) (d:/pythonProject8/AI/TinyTeX-1/TinyTeX/texmf-dist/tex/generic/hyphen/dumyhyph.tex) (d:/pythonProject8/AI/TinyTeX-1/TinyTeX/texmf-dist/tex/generic/hyphen/zerohyph.tex) (d:/pythonProject8/AI/TinyTeX-1/TinyTeX/texmf-dist/tex/generic/hyphen/zerohyph.tex) (d:/pythonProject8/AI/TinyTeX-1/TinyTeX/texmf-dist/tex/generic/hyphen/zerohyph.tex)) (d:/pythonProject8/AI/TinyTeX-1/TinyTeX/texmf-dist/tex/latex-dev/base/utf8.def (d:/pythonProject8/AI/TinyTeX-1/TinyTeX/texmf-dist/tex/latex-dev/base/omsenc.dfu) (d:/pythonProject8/AI/TinyTeX-1/TinyTeX/texmf-dist/tex/latex-dev/base/ot1enc.dfu) (d:/pythonProject8/AI/TinyTeX-1/TinyTeX/texmf-dist/tex/latex-dev/base/t1enc.dfu) (d:/pythonProject8/AI/TinyTeX-1/TinyTeX/texmf-dist/tex/latex-dev/base/ts1enc.dfu)) (d:/pythonProject8/AI/TinyTeX-1/TinyTeX/texmf-dist/tex/latex-dev/firstaid/latex2e-first-aid-for-external-files.ltx)
)
**************************
*
* making upLaTeX format
*
**************************
(d:/pythonProject8/AI/TinyTeX-1/TinyTeX/texmf-dist/tex/platex/base/plcore.ltx (d:/pythonProject8/AI/TinyTeX-1/TinyTeX/texmf-dist/tex/platex/base/plexpl3.ltx)) (d:/pythonProject8/AI/TinyTeX-1/TinyTeX/texmf-dist/tex/uplatex/base/uplcore.ltx) (d:/pythonProject8/AI/TinyTeX-1/TinyTeX/texmf-dist/tex/uplatex/base/upldefs.ltx (d:/pythonProject8/AI/TinyTeX-1/TinyTeX/texmf-dist/tex/uplatex/base/jy2mc.fd) (d:/pythonProject8/AI/TinyTeX-1/TinyTeX/texmf-dist/tex/uplatex/base/jy2gt.fd) (d:/pythonProject8/AI/TinyTeX-1/TinyTeX/texmf-dist/tex/uplatex/base/jt2mc.fd) (d:/pythonProject8/AI/TinyTeX-1/TinyTeX/texmf-dist/tex/uplatex/base/jt2gt.fd) Loading kinsoku patterns for japanese. (d:/pythonProject8/AI/TinyTeX-1/TinyTeX/texmf-dist/tex/uplatex/base/ukinsoku.tex)) ) )
Beginning to dump on file uplatex-dev.fmt
 (preloaded format=uplatex-dev 2025.1.11)
24834 strings of total length 489774
379377 memory locations dumped; current usage is 294&378222
23427 multiletter control sequences
\font\nullfont=nullfont
\font\c__fp_exp_intarray=cmr10 at 0.00002pt
\font\c__fp_trig_intarray=cmr10 at 0.00003pt
\font\c_initex_cctab=cmr10 at 0.00005pt
\font\c_other_cctab=cmr10 at 0.00006pt
\font\c_str_cctab=cmr10 at 0.00008pt
\font\g_tmpa_cctab=cmr10 at 0.00009pt
\font\g_tmpb_cctab=cmr10 at 0.0001pt
\font\g__regex_state_active_intarray=cmr10 at 0.00012pt
\font\g__regex_thread_info_intarray=cmr10 at 0.00014pt
\font\g__regex_submatch_prev_intarray=cmr10 at 0.00015pt
\font\g__regex_submatch_begin_intarray=cmr10 at 0.00017pt
\font\g__regex_submatch_end_intarray=cmr10 at 0.00018pt
\font\g__regex_submatch_case_intarray=cmr10 at 0.0002pt
\font\g__regex_balance_intarray=cmr10 at 0.00021pt
\font\g__codepoint_category_index_intarray=cmr10 at 0.00023pt
\font\g__codepoint_uppercase_index_intarray=cmr10 at 0.00024pt
\font\g__codepoint_lowercase_index_intarray=cmr10 at 0.00026pt
\font\g__codepoint_category_blocks_intarray=cmr10 at 0.00027pt
\font\g__codepoint_uppercase_blocks_intarray=cmr10 at 0.00029pt
\font\g__codepoint_lowercase_blocks_intarray=cmr10 at 0.0003pt
\font\OMX/cmex/m/n/10=cmex10
\font\tenln=line10
\font\tenlnw=linew10
\font\tencirc=lcircle10
\font\tencircw=lcirclew10
\font\OT1/cmr/m/n/5=cmr5
\font\OT1/cmr/m/n/7=cmr7
\font\OT1/cmr/m/n/10=cmr10
\font\OML/cmm/m/it/5=cmmi5
\font\OML/cmm/m/it/7=cmmi7
\font\OML/cmm/m/it/10=cmmi10
\font\OMS/cmsy/m/n/5=cmsy5
\font\OMS/cmsy/m/n/7=cmsy7
\font\OMS/cmsy/m/n/10=cmsy10
\font\c_code_cctab=cmr10 at 0.00032pt
\font\c_document_cctab=cmr10 at 0.00034pt
\font\tenmin=upjisr-h at 9.62216pt
\font\@bannerfont=cmtt9
\font\JT2/mc/m/n/10=upjisr-v at 9.6222pt
\font\JY2/mc/m/n/10=upjisr-h at 9.6222pt
\font\JY2/mc/m/n/5=upjisr-h at 4.8111pt
\font\JY2/mc/m/n/7=upjisr-h at 6.73553pt
\font\JY2/mc/m/n/12=upjisr-h at 11.54663pt
\font\JY2/gt/m/n/5=upjisg-h at 4.8111pt
\font\JY2/gt/m/n/7=upjisg-h at 6.73553pt
\font\JY2/gt/m/n/10=upjisg-h at 9.6222pt
\font\JY2/gt/m/n/12=upjisg-h at 11.54663pt
\font\JT2/mc/m/n/5=upjisr-v at 4.8111pt
\font\JT2/mc/m/n/7=upjisr-v at 6.73553pt
\font\JT2/mc/m/n/12=upjisr-v at 11.54663pt
\font\JT2/gt/m/n/5=upjisg-v at 4.8111pt
\font\JT2/gt/m/n/7=upjisg-v at 6.73553pt
\font\JT2/gt/m/n/10=upjisg-v at 9.6222pt
\font\JT2/gt/m/n/12=upjisg-v at 11.54663pt
561471 words of font info for 54 preloaded fonts
14 hyphenation exceptions
Hyphenation trie of length 6081 has 183 ops out of 35111
  2 for language 1
  181 for language 0
No pages of output.
Transcript written on uplatex-dev.log.
fmtutil [INFO]: log file copied to: d:/pythonproject8/ai/tinytex-1/tinytex/texmf-var/web2c/euptex/uplatex-dev.log
fmtutil [INFO]: d:/pythonproject8/ai/tinytex-1/tinytex/texmf-var/web2c/euptex/uplatex-dev.fmt installed.
fmtutil [INFO]: --- remaking eptex with euptex
fmtutil: running `euptex -ini   -jobname=eptex -progname=eptex -kanji-internal=sjis *eptex.ini' ...
This is e-upTeX, Version 3.141592653-p4.1.1-u1.30-230214-2.6 (utf8.sjis) (TeX Live 2024) (INITEX)
 restricted \write18 enabled.
entering extended mode
(d:/pythonProject8/AI/TinyTeX-1/TinyTeX/texmf-dist/tex/ptex/ptex-base/eptex.ini (d:/pythonProject8/AI/TinyTeX-1/TinyTeX/texmf-dist/tex/ptex/ptex-base/eptex.src (d:/pythonProject8/AI/TinyTeX-1/TinyTeX/texmf-dist/tex/ptex/ptex-base/ptex.tex (d:/pythonProject8/AI/TinyTeX-1/TinyTeX/texmf-dist/tex/plain/base/plain.tex Preloading the plain format: codes, registers, parameters, fonts, more fonts, macros, math definitions, output routines, hyphenation (d:/pythonProject8/AI/TinyTeX-1/TinyTeX/texmf-dist/tex/generic/hyphen/hyphen.tex [skipping from \patterns to end-of-file...])) (d:/pythonProject8/AI/TinyTeX-1/TinyTeX/texmf-dist/tex/ptex/ptex-base/kinsoku.tex)) (d:/pythonProject8/AI/TinyTeX-1/TinyTeX/texmf-dist/tex/ptex/ptex-base/eptexdefs.lib Skipping module "grouptypes"; Loading module "interactionmodes"; Skipping module "nodetypes"; Skipping module "iftypes";) (d:/pythonProject8/AI/TinyTeX-1/TinyTeX/texmf-var/tex/generic/config/language.def (d:/pythonProject8/AI/TinyTeX-1/TinyTeX/texmf-dist/tex/generic/hyphen/hyphen.tex)) Augmenting the Plain TeX definitions: \tracingall; Adding new e-TeX definitions: \eTeX, \epTeX,  \loggingall, \tracingnone, register allocation; extended register allocation; 
Recycling: \addlanguage, \@nswer (not defined), \@sk, \b@dresponsetrue, \b@dresponsefalse, \ch@ckforyn, \mayber@cycle, \et@xabort, \et@xbuf, \et@xfmtsrc, \et@xfilehdr, \et@xinf, \et@xpatterns, \l@ngdefnfile, \n@xt, \p@rse (not defined), \pr@mpt (not defined), \pr@mptloop (not defined), \forcer@cycle, \usef@llback, \usef@llbacktrue, \usef@llbackfalse, 
Retaining: \et@xerr, \et@xinput, \et@xlibhdr, \et@xmsg, \et@xtoks, \et@xwarn, \et@xl@@d, \et@xl@ad, \et@xload, \et@xlang, \et@xhash, \eTeX, \epTeX, \etexhdrchk, \etexstatus, \module, \uselanguage, \r@tain, \r@cycle, ) )
Beginning to dump on file eptex.fmt
 (preloaded format=eptex 2025.1.11)
2564 strings of total length 37703
8006 memory locations dumped; current usage is 228&7307
1240 multiletter control sequences
\font\nullfont=nullfont
\font\tenrm=cmr10
\font\preloaded=cmr9
\font\preloaded=cmr8
\font\sevenrm=cmr7
\font\preloaded=cmr6
\font\fiverm=cmr5
\font\teni=cmmi10
\font\preloaded=cmmi9
\font\preloaded=cmmi8
\font\seveni=cmmi7
\font\preloaded=cmmi6
\font\fivei=cmmi5
\font\tensy=cmsy10
\font\preloaded=cmsy9
\font\preloaded=cmsy8
\font\sevensy=cmsy7
\font\preloaded=cmsy6
\font\fivesy=cmsy5
\font\tenex=cmex10
\font\preloaded=cmss10
\font\preloaded=cmssq8
\font\preloaded=cmssi10
\font\preloaded=cmssqi8
\font\tenbf=cmbx10
\font\preloaded=cmbx9
\font\preloaded=cmbx8
\font\sevenbf=cmbx7
\font\preloaded=cmbx6
\font\fivebf=cmbx5
\font\tentt=cmtt10
\font\preloaded=cmtt9
\font\preloaded=cmtt8
\font\preloaded=cmsltt10
\font\tensl=cmsl10
\font\preloaded=cmsl9
\font\preloaded=cmsl8
\font\tenit=cmti10
\font\preloaded=cmti9
\font\preloaded=cmti8
\font\preloaded=cmti7
\font\preloaded=cmu10
\font\preloaded=cmmib10
\font\preloaded=cmbsy10
\font\preloaded=cmcsc10
\font\preloaded=cmssbx10
\font\preloaded=cmdunh10
\font\preloaded=cmr7 at 14.51799pt
\font\preloaded=cmtt10 at 14.4pt
\font\preloaded=cmssbx10 at 14.4pt
\font\preloaded=manfnt
\font\tenmin=min10
\font\preloaded=min9
\font\preloaded=min8
\font\sevenmin=min7
\font\preloaded=min6
\font\fivemin=min5
\font\tengt=goth10
\font\preloaded=goth9
\font\preloaded=goth8
\font\sevengt=goth7
\font\preloaded=goth6
\font\fivegt=goth5
\font\tentmin=tmin10
\font\preloaded=tmin9
\font\preloaded=tmin8
\font\seventmin=tmin7
\font\preloaded=tmin6
\font\fivetmin=tmin5
\font\tentgt=tgoth10
\font\preloaded=tgoth9
\font\preloaded=tgoth8
\font\seventgt=tgoth7
\font\preloaded=tgoth6
\font\fivetgt=tgoth5
20343 words of font info for 74 preloaded fonts
14 hyphenation exceptions
Hyphenation trie of length 6075 has 181 ops out of 35111
  181 for language 0
No pages of output.
Transcript written on eptex.log.
fmtutil [INFO]: log file copied to: d:/pythonproject8/ai/tinytex-1/tinytex/texmf-var/web2c/euptex/eptex.log
fmtutil [INFO]: d:/pythonproject8/ai/tinytex-1/tinytex/texmf-var/web2c/euptex/eptex.fmt installed.
fmtutil [INFO]: successfully rebuilt formats: 8
fmtutil [INFO]: not selected formats: 15
fmtutil [INFO]: total formats: 23
fmtutil [INFO]: exiting with status 0
--end of output of fmtutil-sys --byengine euptex --no-error-if-no-format --no-error-if-no-engine=luametatex,luajithbtex,luajittex,mfluajit --status-file=C:\Users\17506\AppData\Local\Temp\ZeOPW9xoLg\InGw21EZll.

[Sat Jan 11 21:22:22 2025]   OK: euptex.fmt/euptex ptex.fmt/euptex uptex.fmt/euptex platex.fmt/euptex platex-dev.fmt/euptex uplatex.fmt/euptex uplatex-dev.fmt/euptex eptex.fmt/euptex
[Sat Jan 11 21:22:22 2025] running fmtutil-sys --byfmt mptopdf --no-error-if-no-engine=luametatex,luajithbtex,luajittex,mfluajit --status-file=C:\Users\17506\AppData\Local\Temp\ZeOPW9xoLg\InGw21EZll
[Sat Jan 11 21:22:24 2025] success, output:
fmtutil: fmtutil is using the following fmtutil.cnf files (in precedence order):
fmtutil:   d:/pythonproject8/ai/tinytex-1/tinytex/texmf-dist/web2c/fmtutil.cnf
fmtutil: fmtutil is using the following fmtutil.cnf file for writing changes:
fmtutil:   d:/pythonproject8/ai/tinytex-1/tinytex/texmf-config/web2c/fmtutil.cnf
fmtutil [INFO]: writing formats under d:/pythonproject8/ai/tinytex-1/tinytex/texmf-var/web2c
fmtutil [INFO]: --- remaking mptopdf with pdftex
fmtutil: running `pdftex -ini   -jobname=mptopdf -progname=context -translate-file=cp227.tcx mptopdf.tex' ...
This is pdfTeX, Version 3.141592653-2.6-1.40.26 (TeX Live 2024) (INITEX)
 restricted \write18 enabled.
 (d:/pythonProject8/AI/TinyTeX-1/TinyTeX/texmf-dist/web2c/cp227.tcx)
(d:/pythonProject8/AI/TinyTeX-1/TinyTeX/texmf-dist/tex/generic/context/mptopdf/mptopdf.tex (d:/pythonProject8/AI/TinyTeX-1/TinyTeX/texmf-dist/tex/context/base/mkii/syst-tex.mkii (d:/pythonProject8/AI/TinyTeX-1/TinyTeX/texmf-dist/tex/plain/base/plain.tex Preloading the plain format: codes, registers, parameters, fonts,
skipping \font in plain
skipping \font in plain
skipping \font in plain
skipping \font in plain
skipping \font in plain
skipping \font in plain
skipping \font in plain
skipping \font in plain
skipping \font in plain
skipping \font in plain
skipping \font in plain
skipping \font in plain
skipping \font in plain
skipping \font in plain
skipping \font in plain
skipping \font in plain
skipping \font in plain
skipping \font in plain
skipping \font in plain
skipping \font in plain
skipping \font in plain
skipping \font in plain
skipping \font in plain
skipping \font in plain
skipping \font in plain
skipping \font in plain
skipping \font in plain
skipping \font in plain
skipping \font in plain
skipping \font in plain
skipping \font in plain
skipping \font in plain
skipping \font in plain
skipping \font in plain
skipping \font in plain
skipping \font in plain
skipping \font in plain
skipping \font in plain
skipping \font in plain
skipping \font in plain
more fonts,
skipping \font in plain
skipping \font in plain
skipping \font in plain
skipping \font in plain
skipping \font in plain
skipping \font in plain
skipping scaled \font in plain
skipping scaled \font in plain
skipping scaled \font in plain
skipping \font in plain
skipping \skewchar in plain
skipping \skewchar in plain
skipping \skewchar in plain
skipping \skewchar in plain
skipping \skewchar in plain
skipping \skewchar in plain
skipping \textfont in plain
skipping \scriptfont in plain
skipping \scriptscriptfont in plain
skipping \textfont in plain
skipping \scriptfont in plain
skipping \scriptscriptfont in plain
skipping \textfont in plain
skipping \scriptfont in plain
skipping \scriptscriptfont in plain
skipping \textfont in plain
skipping \scriptfont in plain
skipping \scriptscriptfont in plain
skipping \textfont in plain
skipping \textfont in plain
skipping \textfont in plain
skipping \scriptfont in plain
skipping \scriptscriptfont in plain
skipping \textfont in plain
macros, math definitions,
skipping used \tenex in plain
output routines, hyphenation
skipping \input in plain
skipping \tenrm in plain
)) (d:/pythonProject8/AI/TinyTeX-1/TinyTeX/texmf-dist/tex/context/base/mkii/supp-mis.mkii
loading : ConTeXt Support Macros / Miscellaneous (2004.10.26)
) (d:/pythonProject8/AI/TinyTeX-1/TinyTeX/texmf-dist/tex/context/base/mkii/supp-pdf.mkii
loading : ConTeXt Support Macros / PDF
) (d:/pythonProject8/AI/TinyTeX-1/TinyTeX/texmf-dist/tex/context/base/mkii/supp-mpe.mkii
loading : ConTeXt Support Macros / MPS extensions
) )
Beginning to dump on file mptopdf.fmt
 (preloaded format=mptopdf 2025.1.11)
3320 strings of total length 49703
13894 memory locations dumped; current usage is 116&13747
1675 multiletter control sequences
\font\nullfont=nullfont
0 words of font info for 0 preloaded fonts
0 hyphenation exceptions
Hyphenation trie of length 256 has 0 ops out of 35111
0 words of pdfTeX memory
0 indirect objects
No pages of output.
Transcript written on mptopdf.log.
fmtutil [INFO]: log file copied to: d:/pythonproject8/ai/tinytex-1/tinytex/texmf-var/web2c/pdftex/mptopdf.log
fmtutil [INFO]: d:/pythonproject8/ai/tinytex-1/tinytex/texmf-var/web2c/pdftex/mptopdf.fmt installed.
fmtutil [INFO]: successfully rebuilt formats: 1
fmtutil [INFO]: not selected formats: 22
fmtutil [INFO]: total formats: 23
fmtutil [INFO]: exiting with status 0
--end of output of fmtutil-sys --byfmt mptopdf --no-error-if-no-engine=luametatex,luajithbtex,luajittex,mfluajit --status-file=C:\Users\17506\AppData\Local\Temp\ZeOPW9xoLg\InGw21EZll.

[Sat Jan 11 21:22:24 2025]   OK: euptex.fmt/euptex ptex.fmt/euptex uptex.fmt/euptex platex.fmt/euptex platex-dev.fmt/euptex uplatex.fmt/euptex uplatex-dev.fmt/euptex eptex.fmt/euptex mptopdf.fmt/pdftex
